<?xml version="1.0" encoding="UTF-8"?>
<testng-results total="1" passed="1" failed="0" skipped="0">
  <reporter-output>
  </reporter-output>
  <suite started-at="2023-01-16T14:36:55Z" name="Suite" finished-at="2023-01-16T14:36:55Z" duration-ms="18">
    <groups>
    </groups>
    <test started-at="2023-01-16T14:36:55Z" name="Test" finished-at="2023-01-16T14:36:55Z" duration-ms="18">
      <class name="TestNgapp.NewTest">
        <test-method is-config="true" signature="beforeMethod()[pri:0, instance:TestNgapp.NewTest@2925bf5b]" started-at="2023-01-16T20:06:55Z" name="beforeMethod" finished-at="2023-01-16T20:06:55Z" duration-ms="6" status="PASS">
          <reporter-output>
          </reporter-output>
        </test-method> <!-- beforeMethod -->
        <test-method signature="App()[pri:0, instance:TestNgapp.NewTest@2925bf5b]" started-at="2023-01-16T20:06:55Z" name="App" finished-at="2023-01-16T20:06:55Z" duration-ms="2" status="PASS">
          <reporter-output>
          </reporter-output>
        </test-method> <!-- App -->
        <test-method is-config="true" signature="afterMethod()[pri:0, instance:TestNgapp.NewTest@2925bf5b]" started-at="2023-01-16T20:06:55Z" name="afterMethod" finished-at="2023-01-16T20:06:55Z" duration-ms="0" status="PASS">
          <reporter-output>
          </reporter-output>
        </test-method> <!-- afterMethod -->
      </class> <!-- TestNgapp.NewTest -->
    </test> <!-- Test -->
  </suite> <!-- Suite -->
</testng-results>
