<?xml version="1.0" encoding="UTF-8"?>
<testng-results total="1" passed="1" failed="0" skipped="0">
  <reporter-output>
  </reporter-output>
  <suite started-at="2023-01-16T14:36:33Z" name="Default suite" finished-at="2023-01-16T14:36:33Z" duration-ms="21">
    <groups>
    </groups>
    <test started-at="2023-01-16T14:36:33Z" name="Default test" finished-at="2023-01-16T14:36:33Z" duration-ms="21">
      <class name="TestNgapp.NewTest">
        <test-method is-config="true" signature="beforeMethod()[pri:0, instance:TestNgapp.NewTest@3370f42]" started-at="2023-01-16T20:06:33Z" name="beforeMethod" finished-at="2023-01-16T20:06:33Z" duration-ms="5" status="PASS">
          <reporter-output>
          </reporter-output>
        </test-method> <!-- beforeMethod -->
        <test-method signature="App()[pri:0, instance:TestNgapp.NewTest@3370f42]" started-at="2023-01-16T20:06:33Z" name="App" finished-at="2023-01-16T20:06:33Z" duration-ms="4" status="PASS">
          <reporter-output>
          </reporter-output>
        </test-method> <!-- App -->
        <test-method is-config="true" signature="afterMethod()[pri:0, instance:TestNgapp.NewTest@3370f42]" started-at="2023-01-16T20:06:33Z" name="afterMethod" finished-at="2023-01-16T20:06:33Z" duration-ms="0" status="PASS">
          <reporter-output>
          </reporter-output>
        </test-method> <!-- afterMethod -->
      </class> <!-- TestNgapp.NewTest -->
    </test> <!-- Default test -->
  </suite> <!-- Default suite -->
</testng-results>
